# JRE version: OpenJDK Runtime Environment Temurin-17.0.10+7 (17.0.10+7) (build 17.0.10+7)
# Java VM: OpenJDK 64-Bit Server VM Temurin-17.0.10+7 (17.0.10+7, mixed mode, emulated-client, tiered, compressed oops, compressed class ptrs, g1 gc, windows-amd64)
GC Precious Log:
 CPUs: 4 total, 4 available
 Memory: 8088M
 Large Page Support: Disabled
 NUMA Support: Disabled
 Compressed Oops: Enabled (32-bit)
 Heap Region Size: 1M
 Heap Min Capacity: 8M
 Heap Initial Capacity: 128M
 Heap Max Capacity: 2024M
 Pre-touch: Disabled
 Parallel Workers: 4
 Concurrent Workers: 1
 Concurrent Refinement Workers: 4
 Periodic GC: Disabled
Heap:
 garbage-first heap   total 55296K, used 18646K [0x0000000081800000, 0x0000000100000000)
  region size 1024K, 2 young (2048K), 2 survivors (2048K)
 Metaspace       used 43961K, committed 44544K, reserved 1114112K
  class space    used 5742K, committed 6016K, reserved 1048576K
GC Heap History (20 events):
Event: 0.586 GC heap after
{Heap after GC invocations=1 (full 0):
 garbage-first heap   total 131072K, used 4657K [0x0000000081800000, 0x0000000100000000)
  region size 1024K, 2 young (2048K), 2 survivors (2048K)
 Metaspace       used 13598K, committed 13824K, reserved 1114112K
  class space    used 1411K, committed 1536K, reserved 1048576K
}
Event: 0.883 GC heap before
{Heap before GC invocations=1 (full 0):
 garbage-first heap   total 131072K, used 17969K [0x0000000081800000, 0x0000000100000000)
  region size 1024K, 15 young (15360K), 2 survivors (2048K)
 Metaspace       used 17661K, committed 17920K, reserved 1114112K
  class space    used 1945K, committed 2048K, reserved 1048576K
}
Event: 0.887 GC heap after
{Heap after GC invocations=2 (full 0):
 garbage-first heap   total 131072K, used 6321K [0x0000000081800000, 0x0000000100000000)
  region size 1024K, 2 young (2048K), 2 survivors (2048K)
 Metaspace       used 17661K, committed 17920K, reserved 1114112K
  class space    used 1945K, committed 2048K, reserved 1048576K
}
Event: 1.117 GC heap before
{Heap before GC invocations=2 (full 0):
 garbage-first heap   total 131072K, used 22705K [0x0000000081800000, 0x0000000100000000)
  region size 1024K, 20 young (20480K), 2 survivors (2048K)
 Metaspace       used 21280K, committed 21504K, reserved 1114112K
  class space    used 2447K, committed 2560K, reserved 1048576K
}
Event: 1.120 GC heap after
{Heap after GC invocations=3 (full 0):
 garbage-first heap   total 131072K, used 7187K [0x0000000081800000, 0x0000000100000000)
  region size 1024K, 3 young (3072K), 3 survivors (3072K)
 Metaspace       used 21280K, committed 21504K, reserved 1114112K
  class space    used 2447K, committed 2560K, reserved 1048576K
}
Event: 1.293 GC heap before
{Heap before GC invocations=4 (full 0):
 garbage-first heap   total 34816K, used 25619K [0x0000000081800000, 0x0000000100000000)
  region size 1024K, 22 young (22528K), 3 survivors (3072K)
 Metaspace       used 25712K, committed 26048K, reserved 1114112K
  class space    used 3045K, committed 3200K, reserved 1048576K
}
Event: 1.297 GC heap after
{Heap after GC invocations=5 (full 0):
 garbage-first heap   total 34816K, used 8389K [0x0000000081800000, 0x0000000100000000)
  region size 1024K, 4 young (4096K), 4 survivors (4096K)
 Metaspace       used 25712K, committed 26048K, reserved 1114112K
  class space    used 3045K, committed 3200K, reserved 1048576K
}
Event: 1.308 GC heap before
{Heap before GC invocations=5 (full 0):
 garbage-first heap   total 34816K, used 9413K [0x0000000081800000, 0x0000000100000000)
  region size 1024K, 5 young (5120K), 4 survivors (4096K)
 Metaspace       used 25929K, committed 26240K, reserved 1114112K
  class space    used 3073K, committed 3200K, reserved 1048576K
}
Event: 1.312 GC heap after
{Heap after GC invocations=6 (full 0):
 garbage-first heap   total 34816K, used 8797K [0x0000000081800000, 0x0000000100000000)
  region size 1024K, 1 young (1024K), 1 survivors (1024K)
 Metaspace       used 25929K, committed 26240K, reserved 1114112K
  class space    used 3073K, committed 3200K, reserved 1048576K
}
Event: 1.441 GC heap before
{Heap before GC invocations=6 (full 0):
 garbage-first heap   total 34816K, used 20061K [0x0000000081800000, 0x0000000100000000)
  region size 1024K, 13 young (13312K), 1 survivors (1024K)
 Metaspace       used 27675K, committed 27968K, reserved 1114112K
  class space    used 3312K, committed 3456K, reserved 1048576K
}
Event: 1.444 GC heap after
{Heap after GC invocations=7 (full 0):
 garbage-first heap   total 61440K, used 10189K [0x0000000081800000, 0x0000000100000000)
  region size 1024K, 2 young (2048K), 2 survivors (2048K)
 Metaspace       used 27675K, committed 27968K, reserved 1114112K
  class space    used 3312K, committed 3456K, reserved 1048576K
}
Event: 2.030 GC heap before
{Heap before GC invocations=7 (full 0):
 garbage-first heap   total 61440K, used 41933K [0x0000000081800000, 0x0000000100000000)
  region size 1024K, 34 young (34816K), 2 survivors (2048K)
 Metaspace       used 31953K, committed 32384K, reserved 1114112K
  class space    used 3966K, committed 4160K, reserved 1048576K
}
Event: 2.037 GC heap after
{Heap after GC invocations=8 (full 0):
 garbage-first heap   total 61440K, used 12458K [0x0000000081800000, 0x0000000100000000)
  region size 1024K, 5 young (5120K), 5 survivors (5120K)
 Metaspace       used 31953K, committed 32384K, reserved 1114112K
  class space    used 3966K, committed 4160K, reserved 1048576K
}
Event: 2.415 GC heap before
{Heap before GC invocations=8 (full 0):
 garbage-first heap   total 61440K, used 32938K [0x0000000081800000, 0x0000000100000000)
  region size 1024K, 27 young (27648K), 5 survivors (5120K)
 Metaspace       used 35745K, committed 36160K, reserved 1114112K
  class space    used 4480K, committed 4672K, reserved 1048576K
}
Event: 2.421 GC heap after
{Heap after GC invocations=9 (full 0):
 garbage-first heap   total 61440K, used 14481K [0x0000000081800000, 0x0000000100000000)
  region size 1024K, 5 young (5120K), 5 survivors (5120K)
 Metaspace       used 35745K, committed 36160K, reserved 1114112K
  class space    used 4480K, committed 4672K, reserved 1048576K
}
Event: 2.852 GC heap before
{Heap before GC invocations=10 (full 0):
 garbage-first heap   total 55296K, used 42129K [0x0000000081800000, 0x0000000100000000)
  region size 1024K, 32 young (32768K), 5 survivors (5120K)
 Metaspace       used 41059K, committed 41536K, reserved 1114112K
  class space    used 5321K, committed 5568K, reserved 1048576K
}
Event: 2.858 GC heap after
{Heap after GC invocations=11 (full 0):
 garbage-first heap   total 55296K, used 16603K [0x0000000081800000, 0x0000000100000000)
  region size 1024K, 4 young (4096K), 4 survivors (4096K)
 Metaspace       used 41059K, committed 41536K, reserved 1114112K
  class space    used 5321K, committed 5568K, reserved 1048576K
}
Event: 2.863 GC heap before
{Heap before GC invocations=11 (full 0):
 garbage-first heap   total 55296K, used 17627K [0x0000000081800000, 0x0000000100000000)
  region size 1024K, 5 young (5120K), 4 survivors (4096K)
 Metaspace       used 41059K, committed 41536K, reserved 1114112K
  class space    used 5321K, committed 5568K, reserved 1048576K
}
Event: 2.867 GC heap after
{Heap after GC invocations=12 (full 0):
 garbage-first heap   total 55296K, used 17200K [0x0000000081800000, 0x0000000100000000)
  region size 1024K, 1 young (1024K), 1 survivors (1024K)
 Metaspace       used 41059K, committed 41536K, reserved 1114112K
  class space    used 5321K, committed 5568K, reserved 1048576K
}
Event: 142.708 GC heap before
{Heap before GC invocations=12 (full 0):
 garbage-first heap   total 55296K, used 40752K [0x0000000081800000, 0x0000000100000000)
  region size 1024K, 24 young (24576K), 1 survivors (1024K)
 Metaspace       used 43961K, committed 44544K, reserved 1114112K
  class space    used 5742K, committed 6016K, reserved 1048576K
}

